This file contains any messages produced by compilers while
running configure, to aid debugging if configure makes a mistake.

It was created by configure, which was
generated by GNU Autoconf 2.69.  Invocation command line was

  $ ./configure --with-fr-include=/opt/freeradius/

## --------- ##
## Platform. ##
## --------- ##

hostname = localhost.localdomain
uname -m = x86_64
uname -r = 3.8.2-206.fc18.x86_64
uname -s = Linux
uname -v = #1 SMP Fri Mar 8 15:03:34 UTC 2013

/usr/bin/uname -p = x86_64
/bin/uname -X     = unknown

/bin/arch              = x86_64
/usr/bin/arch -k       = unknown
/usr/convex/getsysinfo = unknown
/usr/bin/hostinfo      = unknown
/bin/machine           = unknown
/usr/bin/oslevel       = unknown
/bin/universe          = unknown

PATH: /usr/local/bin
PATH: /usr/bin
PATH: /bin
PATH: /usr/local/sbin
PATH: /usr/sbin
PATH: /home/bejelith/.local/bin
PATH: /home/bejelith/bin


## ----------- ##
## Core tests. ##
## ----------- ##

configure:2155: checking for gcc
configure:2171: found /usr/bin/gcc
configure:2182: result: gcc
configure:2411: checking for C compiler version
configure:2420: gcc --version >&5
gcc (GCC) 4.7.2 20121109 (Red Hat 4.7.2-8)
Copyright (C) 2012 Free Software Foundation, Inc.
This is free software; see the source for copying conditions.  There is NO
warranty; not even for MERCHANTABILITY or FITNESS FOR A PARTICULAR PURPOSE.

configure:2431: $? = 0
configure:2420: gcc -v >&5
Using built-in specs.
COLLECT_GCC=gcc
COLLECT_LTO_WRAPPER=/usr/libexec/gcc/x86_64-redhat-linux/4.7.2/lto-wrapper
Target: x86_64-redhat-linux
Configured with: ../configure --prefix=/usr --mandir=/usr/share/man --infodir=/usr/share/info --with-bugurl=http://bugzilla.redhat.com/bugzilla --enable-bootstrap --enable-shared --enable-threads=posix --enable-checking=release --disable-build-with-cxx --disable-build-poststage1-with-cxx --with-system-zlib --enable-__cxa_atexit --disable-libunwind-exceptions --enable-gnu-unique-object --enable-linker-build-id --with-linker-hash-style=gnu --enable-languages=c,c++,objc,obj-c++,java,fortran,ada,go,lto --enable-plugin --enable-initfini-array --enable-java-awt=gtk --disable-dssi --with-java-home=/usr/lib/jvm/java-1.5.0-gcj-1.5.0.0/jre --enable-libgcj-multifile --enable-java-maintainer-mode --with-ecj-jar=/usr/share/java/eclipse-ecj.jar --disable-libjava-multilib --with-ppl --with-cloog --with-tune=generic --with-arch_32=i686 --build=x86_64-redhat-linux
Thread model: posix
gcc version 4.7.2 20121109 (Red Hat 4.7.2-8) (GCC) 
configure:2431: $? = 0
configure:2420: gcc -V >&5
gcc: error: unrecognized command line option '-V'
gcc: fatal error: no input files
compilation terminated.
configure:2431: $? = 4
configure:2420: gcc -qversion >&5
gcc: error: unrecognized command line option '-qversion'
gcc: fatal error: no input files
compilation terminated.
configure:2431: $? = 4
configure:2451: checking whether the C compiler works
configure:2473: gcc  -I/opt/freeradius//include  -I/opt/freeradius//include  -L/opt/freeradius//lib conftest.c  >&5
configure:2477: $? = 0
configure:2525: result: yes
configure:2528: checking for C compiler default output file name
configure:2530: result: a.out
configure:2536: checking for suffix of executables
configure:2543: gcc -o conftest  -I/opt/freeradius//include  -I/opt/freeradius//include  -L/opt/freeradius//lib conftest.c  >&5
configure:2547: $? = 0
configure:2569: result: 
configure:2591: checking whether we are cross compiling
configure:2599: gcc -o conftest  -I/opt/freeradius//include  -I/opt/freeradius//include  -L/opt/freeradius//lib conftest.c  >&5
configure:2603: $? = 0
configure:2610: ./conftest
configure:2614: $? = 0
configure:2629: result: no
configure:2634: checking for suffix of object files
configure:2656: gcc -c  -I/opt/freeradius//include  -I/opt/freeradius//include conftest.c >&5
configure:2660: $? = 0
configure:2681: result: o
configure:2685: checking whether we are using the GNU C compiler
configure:2704: gcc -c  -I/opt/freeradius//include  -I/opt/freeradius//include conftest.c >&5
configure:2704: $? = 0
configure:2713: result: yes
configure:2722: checking whether gcc accepts -g
configure:2742: gcc -c -g  -I/opt/freeradius//include conftest.c >&5
configure:2742: $? = 0
configure:2783: result: yes
configure:2800: checking for gcc option to accept ISO C89
configure:2863: gcc  -c  -I/opt/freeradius//include  -I/opt/freeradius//include conftest.c >&5
configure:2863: $? = 0
configure:2876: result: none needed
configure:2902: checking how to run the C preprocessor
configure:2933: gcc -E  -I/opt/freeradius//include conftest.c
configure:2933: $? = 0
configure:2947: gcc -E  -I/opt/freeradius//include conftest.c
conftest.c:9:28: fatal error: ac_nonexistent.h: No such file or directory
compilation terminated.
configure:2947: $? = 1
configure: failed program was:
| /* confdefs.h */
| #define PACKAGE_NAME ""
| #define PACKAGE_TARNAME ""
| #define PACKAGE_VERSION ""
| #define PACKAGE_STRING ""
| #define PACKAGE_BUGREPORT ""
| #define PACKAGE_URL ""
| /* end confdefs.h.  */
| #include <ac_nonexistent.h>
configure:2972: result: gcc -E
configure:2992: gcc -E  -I/opt/freeradius//include conftest.c
configure:2992: $? = 0
configure:3006: gcc -E  -I/opt/freeradius//include conftest.c
conftest.c:9:28: fatal error: ac_nonexistent.h: No such file or directory
compilation terminated.
configure:3006: $? = 1
configure: failed program was:
| /* confdefs.h */
| #define PACKAGE_NAME ""
| #define PACKAGE_TARNAME ""
| #define PACKAGE_VERSION ""
| #define PACKAGE_STRING ""
| #define PACKAGE_BUGREPORT ""
| #define PACKAGE_URL ""
| /* end confdefs.h.  */
| #include <ac_nonexistent.h>
configure:3035: checking for grep that handles long lines and -e
configure:3093: result: /usr/bin/grep
configure:3098: checking for egrep
configure:3160: result: /usr/bin/grep -E
configure:3165: checking for ANSI C header files
configure:3185: gcc -c  -I/opt/freeradius//include  -I/opt/freeradius//include conftest.c >&5
configure:3185: $? = 0
configure:3258: gcc -o conftest  -I/opt/freeradius//include  -I/opt/freeradius//include  -L/opt/freeradius//lib conftest.c  >&5
configure:3258: $? = 0
configure:3258: ./conftest
configure:3258: $? = 0
configure:3269: result: yes
configure:3282: checking for sys/types.h
configure:3282: gcc -c  -I/opt/freeradius//include  -I/opt/freeradius//include conftest.c >&5
configure:3282: $? = 0
configure:3282: result: yes
configure:3282: checking for sys/stat.h
configure:3282: gcc -c  -I/opt/freeradius//include  -I/opt/freeradius//include conftest.c >&5
configure:3282: $? = 0
configure:3282: result: yes
configure:3282: checking for stdlib.h
configure:3282: gcc -c  -I/opt/freeradius//include  -I/opt/freeradius//include conftest.c >&5
configure:3282: $? = 0
configure:3282: result: yes
configure:3282: checking for string.h
configure:3282: gcc -c  -I/opt/freeradius//include  -I/opt/freeradius//include conftest.c >&5
configure:3282: $? = 0
configure:3282: result: yes
configure:3282: checking for memory.h
configure:3282: gcc -c  -I/opt/freeradius//include  -I/opt/freeradius//include conftest.c >&5
configure:3282: $? = 0
configure:3282: result: yes
configure:3282: checking for strings.h
configure:3282: gcc -c  -I/opt/freeradius//include  -I/opt/freeradius//include conftest.c >&5
configure:3282: $? = 0
configure:3282: result: yes
configure:3282: checking for inttypes.h
configure:3282: gcc -c  -I/opt/freeradius//include  -I/opt/freeradius//include conftest.c >&5
configure:3282: $? = 0
configure:3282: result: yes
configure:3282: checking for stdint.h
configure:3282: gcc -c  -I/opt/freeradius//include  -I/opt/freeradius//include conftest.c >&5
configure:3282: $? = 0
configure:3282: result: yes
configure:3282: checking for unistd.h
configure:3282: gcc -c  -I/opt/freeradius//include  -I/opt/freeradius//include conftest.c >&5
configure:3282: $? = 0
configure:3282: result: yes
configure:3294: checking freeradius/radius.h usability
configure:3294: gcc -c  -I/opt/freeradius//include  -I/opt/freeradius//include conftest.c >&5
configure:3294: $? = 0
configure:3294: result: yes
configure:3294: checking freeradius/radius.h presence
configure:3294: gcc -E  -I/opt/freeradius//include conftest.c
configure:3294: $? = 0
configure:3294: result: yes
configure:3294: checking for freeradius/radius.h
configure:3294: result: yes
configure:3302: checking freeradius/radiusd.h usability
configure:3302: gcc -c  -I/opt/freeradius//include  -I/opt/freeradius//include conftest.c >&5
configure:3302: $? = 0
configure:3302: result: yes
configure:3302: checking freeradius/radiusd.h presence
configure:3302: gcc -E  -I/opt/freeradius//include conftest.c
configure:3302: $? = 0
configure:3302: result: yes
configure:3302: checking for freeradius/radiusd.h
configure:3302: result: yes
configure:3311: checking for pthread_mutex_init in -lpthread
configure:3336: gcc -o conftest  -I/opt/freeradius//include  -I/opt/freeradius//include  -L/opt/freeradius//lib conftest.c -lpthread   >&5
configure:3336: $? = 0
configure:3345: result: yes
configure:3354: checking for fr_heap_create in -lfreeradius-radius
configure:3379: gcc -o conftest  -I/opt/freeradius//include  -I/opt/freeradius//include  -L/opt/freeradius//lib -lpthread -lltdl conftest.c -lfreeradius-radius   >&5
configure:3379: $? = 0
configure:3388: result: yes
configure:3455: checking for gcc
configure:3482: result: gcc
configure:3711: checking for C compiler version
configure:3720: gcc --version >&5
gcc (GCC) 4.7.2 20121109 (Red Hat 4.7.2-8)
Copyright (C) 2012 Free Software Foundation, Inc.
This is free software; see the source for copying conditions.  There is NO
warranty; not even for MERCHANTABILITY or FITNESS FOR A PARTICULAR PURPOSE.

configure:3731: $? = 0
configure:3720: gcc -v >&5
Using built-in specs.
COLLECT_GCC=gcc
COLLECT_LTO_WRAPPER=/usr/libexec/gcc/x86_64-redhat-linux/4.7.2/lto-wrapper
Target: x86_64-redhat-linux
Configured with: ../configure --prefix=/usr --mandir=/usr/share/man --infodir=/usr/share/info --with-bugurl=http://bugzilla.redhat.com/bugzilla --enable-bootstrap --enable-shared --enable-threads=posix --enable-checking=release --disable-build-with-cxx --disable-build-poststage1-with-cxx --with-system-zlib --enable-__cxa_atexit --disable-libunwind-exceptions --enable-gnu-unique-object --enable-linker-build-id --with-linker-hash-style=gnu --enable-languages=c,c++,objc,obj-c++,java,fortran,ada,go,lto --enable-plugin --enable-initfini-array --enable-java-awt=gtk --disable-dssi --with-java-home=/usr/lib/jvm/java-1.5.0-gcj-1.5.0.0/jre --enable-libgcj-multifile --enable-java-maintainer-mode --with-ecj-jar=/usr/share/java/eclipse-ecj.jar --disable-libjava-multilib --with-ppl --with-cloog --with-tune=generic --with-arch_32=i686 --build=x86_64-redhat-linux
Thread model: posix
gcc version 4.7.2 20121109 (Red Hat 4.7.2-8) (GCC) 
configure:3731: $? = 0
configure:3720: gcc -V >&5
gcc: error: unrecognized command line option '-V'
gcc: fatal error: no input files
compilation terminated.
configure:3731: $? = 4
configure:3720: gcc -qversion >&5
gcc: error: unrecognized command line option '-qversion'
gcc: fatal error: no input files
compilation terminated.
configure:3731: $? = 4
configure:3735: checking whether we are using the GNU C compiler
configure:3763: result: yes
configure:3772: checking whether gcc accepts -g
configure:3833: result: yes
configure:3850: checking for gcc option to accept ISO C89
configure:3926: result: none needed
configure:3951: checking how to run the C preprocessor
configure:4021: result: gcc -E
configure:4041: gcc -E  -I/opt/freeradius//include conftest.c
configure:4041: $? = 0
configure:4055: gcc -E  -I/opt/freeradius//include conftest.c
conftest.c:20:28: fatal error: ac_nonexistent.h: No such file or directory
compilation terminated.
configure:4055: $? = 1
configure: failed program was:
| /* confdefs.h */
| #define PACKAGE_NAME ""
| #define PACKAGE_TARNAME ""
| #define PACKAGE_VERSION ""
| #define PACKAGE_STRING ""
| #define PACKAGE_BUGREPORT ""
| #define PACKAGE_URL ""
| #define STDC_HEADERS 1
| #define HAVE_SYS_TYPES_H 1
| #define HAVE_SYS_STAT_H 1
| #define HAVE_STDLIB_H 1
| #define HAVE_STRING_H 1
| #define HAVE_MEMORY_H 1
| #define HAVE_STRINGS_H 1
| #define HAVE_INTTYPES_H 1
| #define HAVE_STDINT_H 1
| #define HAVE_UNISTD_H 1
| #define HAVE_LIBFREERADIUS_RADIUS 1
| /* end confdefs.h.  */
| #include <ac_nonexistent.h>
configure:4084: checking for printf in -lc
configure:4109: gcc -o conftest  -I/opt/freeradius//include  -I/opt/freeradius//include  -L/opt/freeradius//lib -lpthread -lltdl conftest.c -lc  -lfreeradius-radius  >&5
conftest.c:27:6: warning: conflicting types for built-in function 'printf' [enabled by default]
configure:4109: $? = 0
configure:4118: result: yes
configure:4128: checking stdio.h usability
configure:4128: gcc -c  -I/opt/freeradius//include  -I/opt/freeradius//include conftest.c >&5
configure:4128: $? = 0
configure:4128: result: yes
configure:4128: checking stdio.h presence
configure:4128: gcc -E  -I/opt/freeradius//include conftest.c
configure:4128: $? = 0
configure:4128: result: yes
configure:4128: checking for stdio.h
configure:4128: result: yes
configure:4141: checking for stdio.h
configure:4141: result: yes
configure:4141: checking for stdlib.h
configure:4141: result: yes
configure:4153: checking for printf
configure:4153: gcc -o conftest  -I/opt/freeradius//include  -I/opt/freeradius//include  -L/opt/freeradius//lib -lpthread -lltdl conftest.c -lfreeradius-radius  >&5
conftest.c:45:6: warning: conflicting types for built-in function 'printf' [enabled by default]
configure:4153: $? = 0
configure:4153: result: yes
configure:4305: creating ./config.status

## ---------------------- ##
## Running config.status. ##
## ---------------------- ##

This file was extended by config.status, which was
generated by GNU Autoconf 2.69.  Invocation command line was

  CONFIG_FILES    = 
  CONFIG_HEADERS  = 
  CONFIG_LINKS    = 
  CONFIG_COMMANDS = 
  $ ./config.status 

on localhost.localdomain

config.status:805: creating Makefile
config.status:805: creating config.h
config.status:975: config.h is unchanged

## ---------------- ##
## Cache variables. ##
## ---------------- ##

ac_cv_c_compiler_gnu=yes
ac_cv_env_CC_set=
ac_cv_env_CC_value=
ac_cv_env_CFLAGS_set=
ac_cv_env_CFLAGS_value=
ac_cv_env_CPPFLAGS_set=
ac_cv_env_CPPFLAGS_value=
ac_cv_env_CPP_set=
ac_cv_env_CPP_value=
ac_cv_env_LDFLAGS_set=
ac_cv_env_LDFLAGS_value=
ac_cv_env_LIBS_set=
ac_cv_env_LIBS_value=
ac_cv_env_build_alias_set=
ac_cv_env_build_alias_value=
ac_cv_env_host_alias_set=
ac_cv_env_host_alias_value=
ac_cv_env_target_alias_set=
ac_cv_env_target_alias_value=
ac_cv_func_printf=yes
ac_cv_header_freeradius_radius_h=yes
ac_cv_header_freeradius_radiusd_h=yes
ac_cv_header_inttypes_h=yes
ac_cv_header_memory_h=yes
ac_cv_header_stdc=yes
ac_cv_header_stdint_h=yes
ac_cv_header_stdio_h=yes
ac_cv_header_stdlib_h=yes
ac_cv_header_string_h=yes
ac_cv_header_strings_h=yes
ac_cv_header_sys_stat_h=yes
ac_cv_header_sys_types_h=yes
ac_cv_header_unistd_h=yes
ac_cv_lib_c_printf=yes
ac_cv_lib_freeradius_radius_fr_heap_create=yes
ac_cv_lib_pthread_pthread_mutex_init=yes
ac_cv_objext=o
ac_cv_path_EGREP='/usr/bin/grep -E'
ac_cv_path_GREP=/usr/bin/grep
ac_cv_prog_CPP='gcc -E'
ac_cv_prog_ac_ct_CC=gcc
ac_cv_prog_cc_c89=
ac_cv_prog_cc_g=yes

## ----------------- ##
## Output variables. ##
## ----------------- ##

CC='gcc'
CFLAGS=' -I/opt/freeradius//include'
CPP='gcc -E'
CPPFLAGS=' -I/opt/freeradius//include'
DEFS='-DHAVE_CONFIG_H'
ECHO_C=''
ECHO_N='-n'
ECHO_T=''
EGREP='/usr/bin/grep -E'
EXEEXT=''
GREP='/usr/bin/grep'
LDFLAGS=' -L/opt/freeradius//lib -lpthread -lltdl'
LIBOBJS=''
LIBS='-lfreeradius-radius '
LTLIBOBJS=''
MYSQL_CFLAGS='/opt/freeradius/'
OBJEXT='o'
PACKAGE_BUGREPORT=''
PACKAGE_NAME=''
PACKAGE_STRING=''
PACKAGE_TARNAME=''
PACKAGE_URL=''
PACKAGE_VERSION=''
PATH_SEPARATOR=':'
SHELL='/bin/sh'
ac_ct_CC='gcc'
bindir='${exec_prefix}/bin'
build_alias=''
datadir='${datarootdir}'
datarootdir='${prefix}/share'
docdir='${datarootdir}/doc/${PACKAGE}'
dvidir='${docdir}'
example_cflags=' -I/usr/include'
example_ldflags=' -lc'
exec_prefix='${prefix}'
host_alias=''
htmldir='${docdir}'
includedir='${prefix}/include'
infodir='${datarootdir}/info'
libdir='${exec_prefix}/lib'
libexecdir='${exec_prefix}/libexec'
localedir='${datarootdir}/locale'
localstatedir='${prefix}/var'
mandir='${datarootdir}/man'
oldincludedir='/usr/include'
pdfdir='${docdir}'
prefix='/usr/local'
program_transform_name='s,x,x,'
psdir='${docdir}'
sbindir='${exec_prefix}/sbin'
sharedstatedir='${prefix}/com'
sysconfdir='${prefix}/etc'
target_alias=''
targetname='rlm_memcached'

## ----------- ##
## confdefs.h. ##
## ----------- ##

/* confdefs.h */
#define PACKAGE_NAME ""
#define PACKAGE_TARNAME ""
#define PACKAGE_VERSION ""
#define PACKAGE_STRING ""
#define PACKAGE_BUGREPORT ""
#define PACKAGE_URL ""
#define STDC_HEADERS 1
#define HAVE_SYS_TYPES_H 1
#define HAVE_SYS_STAT_H 1
#define HAVE_STDLIB_H 1
#define HAVE_STRING_H 1
#define HAVE_MEMORY_H 1
#define HAVE_STRINGS_H 1
#define HAVE_INTTYPES_H 1
#define HAVE_STDINT_H 1
#define HAVE_UNISTD_H 1
#define HAVE_LIBFREERADIUS_RADIUS 1
#define HAVE_STDIO_H 1
#define HAVE_STDLIB_H 1
#define HAVE_PRINTF 1

configure: exit 0
